INFO JavaFX Application Thread com.zaxxer.hikari.HikariDataSource - HikariPool-1 - Starting...
ERROR JavaFX Application Thread com.zaxxer.hikari.pool.HikariPool - HikariPool-1 - Exception during pool initialization.
java.sql.SQLInvalidAuthorizationSpecException: Could not connect to address=(host=localhost)(port=3306)(type=master) : Access denied for user 'root'@'localhost' (using password: YES)
Current charset is UTF-8. If password has been set using other charset, consider using option 'passwordCharacterEncoding'
	at org.mariadb.jdbc.internal.util.exceptions.ExceptionMapper.get(ExceptionMapper.java:239)
	at org.mariadb.jdbc.internal.protocol.AbstractConnectProtocol.connectWithoutProxy(AbstractConnectProtocol.java:1243)
	at org.mariadb.jdbc.internal.util.Utils.retrieveProxy(Utils.java:622)
	at org.mariadb.jdbc.MariaDbConnection.newConnection(MariaDbConnection.java:142)
	at org.mariadb.jdbc.Driver.connect(Driver.java:86)
	at com.zaxxer.hikari.util.DriverDataSource.getConnection(DriverDataSource.java:138)
	at com.zaxxer.hikari.pool.PoolBase.newConnection(PoolBase.java:354)
	at com.zaxxer.hikari.pool.PoolBase.newPoolEntry(PoolBase.java:202)
	at com.zaxxer.hikari.pool.HikariPool.createPoolEntry(HikariPool.java:473)
	at com.zaxxer.hikari.pool.HikariPool.checkFailFast(HikariPool.java:554)
	at com.zaxxer.hikari.pool.HikariPool.<init>(HikariPool.java:115)
	at com.zaxxer.hikari.HikariDataSource.<init>(HikariDataSource.java:81)
	at it.polito.tdp.poweroutages.DAO.ConnectDB.getConnection(ConnectDB.java:33)
	at it.polito.tdp.poweroutages.DAO.PowerOutageDAO.getNercList(PowerOutageDAO.java:20)
	at it.polito.tdp.poweroutages.model.Model.getNercList(Model.java:16)
	at it.polito.tdp.poweroutages.FXMLController.setModel(FXMLController.java:58)
	at it.polito.tdp.poweroutages.EntryPoint.start(EntryPoint.java:29)
	at com.sun.javafx.application.LauncherImpl.lambda$launchApplication1$9(LauncherImpl.java:846)
	at com.sun.javafx.application.PlatformImpl.lambda$runAndWait$12(PlatformImpl.java:455)
	at com.sun.javafx.application.PlatformImpl.lambda$runLater$10(PlatformImpl.java:428)
	at java.base/java.security.AccessController.doPrivileged(Native Method)
	at com.sun.javafx.application.PlatformImpl.lambda$runLater$11(PlatformImpl.java:427)
	at com.sun.glass.ui.InvokeLaterDispatcher$Future.run(InvokeLaterDispatcher.java:96)
	at com.sun.glass.ui.win.WinApplication._runLoop(Native Method)
	at com.sun.glass.ui.win.WinApplication.lambda$runLoop$3(WinApplication.java:174)
	at java.base/java.lang.Thread.run(Thread.java:829)
Caused by: java.sql.SQLException: Access denied for user 'root'@'localhost' (using password: YES)
Current charset is UTF-8. If password has been set using other charset, consider using option 'passwordCharacterEncoding'
	at org.mariadb.jdbc.internal.protocol.AbstractConnectProtocol.authenticationHandler(AbstractConnectProtocol.java:726)
	at org.mariadb.jdbc.internal.protocol.AbstractConnectProtocol.createConnection(AbstractConnectProtocol.java:507)
	at org.mariadb.jdbc.internal.protocol.AbstractConnectProtocol.connectWithoutProxy(AbstractConnectProtocol.java:1238)
	... 24 more
INFO JavaFX Application Thread com.zaxxer.hikari.HikariDataSource - HikariPool-1 - Starting...
INFO JavaFX Application Thread com.zaxxer.hikari.HikariDataSource - HikariPool-1 - Start completed.
INFO JavaFX Application Thread com.zaxxer.hikari.HikariDataSource - HikariPool-1 - Starting...
INFO JavaFX Application Thread com.zaxxer.hikari.HikariDataSource - HikariPool-1 - Start completed.
INFO JavaFX Application Thread com.zaxxer.hikari.HikariDataSource - HikariPool-1 - Starting...
INFO JavaFX Application Thread com.zaxxer.hikari.HikariDataSource - HikariPool-1 - Start completed.
INFO JavaFX Application Thread com.zaxxer.hikari.HikariDataSource - HikariPool-1 - Starting...
INFO JavaFX Application Thread com.zaxxer.hikari.HikariDataSource - HikariPool-1 - Start completed.
INFO JavaFX Application Thread com.zaxxer.hikari.HikariDataSource - HikariPool-1 - Starting...
INFO JavaFX Application Thread com.zaxxer.hikari.HikariDataSource - HikariPool-1 - Start completed.
INFO JavaFX Application Thread com.zaxxer.hikari.HikariDataSource - HikariPool-1 - Starting...
INFO JavaFX Application Thread com.zaxxer.hikari.HikariDataSource - HikariPool-1 - Start completed.
INFO JavaFX Application Thread com.zaxxer.hikari.HikariDataSource - HikariPool-1 - Starting...
INFO JavaFX Application Thread com.zaxxer.hikari.HikariDataSource - HikariPool-1 - Start completed.
INFO JavaFX Application Thread com.zaxxer.hikari.HikariDataSource - HikariPool-1 - Starting...
INFO JavaFX Application Thread com.zaxxer.hikari.HikariDataSource - HikariPool-1 - Start completed.
INFO JavaFX Application Thread com.zaxxer.hikari.HikariDataSource - HikariPool-1 - Starting...
INFO JavaFX Application Thread com.zaxxer.hikari.HikariDataSource - HikariPool-1 - Start completed.
INFO JavaFX Application Thread com.zaxxer.hikari.HikariDataSource - HikariPool-1 - Starting...
INFO JavaFX Application Thread com.zaxxer.hikari.HikariDataSource - HikariPool-1 - Start completed.
INFO JavaFX Application Thread com.zaxxer.hikari.HikariDataSource - HikariPool-1 - Starting...
INFO JavaFX Application Thread com.zaxxer.hikari.HikariDataSource - HikariPool-1 - Start completed.
INFO JavaFX Application Thread com.zaxxer.hikari.HikariDataSource - HikariPool-1 - Starting...
INFO JavaFX Application Thread com.zaxxer.hikari.HikariDataSource - HikariPool-1 - Start completed.
INFO JavaFX Application Thread com.zaxxer.hikari.HikariDataSource - HikariPool-1 - Starting...
ERROR JavaFX Application Thread com.zaxxer.hikari.pool.HikariPool - HikariPool-1 - Exception during pool initialization.
java.sql.SQLNonTransientConnectionException: Could not connect to address=(host=localhost)(port=3306)(type=master) : Socket fail to connect to host:localhost, port:3306. Connection refused: connect
	at org.mariadb.jdbc.internal.util.exceptions.ExceptionMapper.get(ExceptionMapper.java:241)
	at org.mariadb.jdbc.internal.protocol.AbstractConnectProtocol.connectWithoutProxy(AbstractConnectProtocol.java:1243)
	at org.mariadb.jdbc.internal.util.Utils.retrieveProxy(Utils.java:622)
	at org.mariadb.jdbc.MariaDbConnection.newConnection(MariaDbConnection.java:142)
	at org.mariadb.jdbc.Driver.connect(Driver.java:86)
	at com.zaxxer.hikari.util.DriverDataSource.getConnection(DriverDataSource.java:138)
	at com.zaxxer.hikari.pool.PoolBase.newConnection(PoolBase.java:354)
	at com.zaxxer.hikari.pool.PoolBase.newPoolEntry(PoolBase.java:202)
	at com.zaxxer.hikari.pool.HikariPool.createPoolEntry(HikariPool.java:473)
	at com.zaxxer.hikari.pool.HikariPool.checkFailFast(HikariPool.java:554)
	at com.zaxxer.hikari.pool.HikariPool.<init>(HikariPool.java:115)
	at com.zaxxer.hikari.HikariDataSource.<init>(HikariDataSource.java:81)
	at it.polito.tdp.poweroutages.DAO.ConnectDB.getConnection(ConnectDB.java:33)
	at it.polito.tdp.poweroutages.DAO.PowerOutageDAO.getNercList(PowerOutageDAO.java:21)
	at it.polito.tdp.poweroutages.model.Model.getNercList(Model.java:39)
	at it.polito.tdp.poweroutages.FXMLController.setModel(FXMLController.java:62)
	at it.polito.tdp.poweroutages.EntryPoint.start(EntryPoint.java:29)
	at com.sun.javafx.application.LauncherImpl.lambda$launchApplication1$9(LauncherImpl.java:846)
	at com.sun.javafx.application.PlatformImpl.lambda$runAndWait$12(PlatformImpl.java:455)
	at com.sun.javafx.application.PlatformImpl.lambda$runLater$10(PlatformImpl.java:428)
	at java.base/java.security.AccessController.doPrivileged(Native Method)
	at com.sun.javafx.application.PlatformImpl.lambda$runLater$11(PlatformImpl.java:427)
	at com.sun.glass.ui.InvokeLaterDispatcher$Future.run(InvokeLaterDispatcher.java:96)
	at com.sun.glass.ui.win.WinApplication._runLoop(Native Method)
	at com.sun.glass.ui.win.WinApplication.lambda$runLoop$3(WinApplication.java:174)
	at java.base/java.lang.Thread.run(Thread.java:829)
Caused by: java.sql.SQLNonTransientConnectionException: Socket fail to connect to host:localhost, port:3306. Connection refused: connect
	at org.mariadb.jdbc.internal.util.exceptions.ExceptionMapper.get(ExceptionMapper.java:241)
	at org.mariadb.jdbc.internal.util.exceptions.ExceptionMapper.connException(ExceptionMapper.java:87)
	at org.mariadb.jdbc.internal.protocol.AbstractConnectProtocol.createSocket(AbstractConnectProtocol.java:218)
	at org.mariadb.jdbc.internal.protocol.AbstractConnectProtocol.createConnection(AbstractConnectProtocol.java:474)
	at org.mariadb.jdbc.internal.protocol.AbstractConnectProtocol.connectWithoutProxy(AbstractConnectProtocol.java:1238)
	... 24 more
Caused by: java.net.ConnectException: Connection refused: connect
	at java.base/java.net.PlainSocketImpl.waitForConnect(Native Method)
	at java.base/java.net.PlainSocketImpl.socketConnect(PlainSocketImpl.java:107)
	at java.base/java.net.AbstractPlainSocketImpl.doConnect(AbstractPlainSocketImpl.java:412)
	at java.base/java.net.AbstractPlainSocketImpl.connectToAddress(AbstractPlainSocketImpl.java:255)
	at java.base/java.net.AbstractPlainSocketImpl.connect(AbstractPlainSocketImpl.java:237)
	at java.base/java.net.SocksSocketImpl.connect(SocksSocketImpl.java:392)
	at java.base/java.net.Socket.connect(Socket.java:609)
	at org.mariadb.jdbc.internal.protocol.AbstractConnectProtocol.createSocket(AbstractConnectProtocol.java:213)
	... 26 more
INFO JavaFX Application Thread com.zaxxer.hikari.HikariDataSource - HikariPool-1 - Starting...
INFO JavaFX Application Thread com.zaxxer.hikari.HikariDataSource - HikariPool-1 - Start completed.
INFO JavaFX Application Thread com.zaxxer.hikari.HikariDataSource - HikariPool-1 - Starting...
INFO JavaFX Application Thread com.zaxxer.hikari.HikariDataSource - HikariPool-1 - Start completed.
INFO JavaFX Application Thread com.zaxxer.hikari.HikariDataSource - HikariPool-1 - Starting...
INFO JavaFX Application Thread com.zaxxer.hikari.HikariDataSource - HikariPool-1 - Start completed.
INFO JavaFX Application Thread com.zaxxer.hikari.HikariDataSource - HikariPool-1 - Starting...
INFO JavaFX Application Thread com.zaxxer.hikari.HikariDataSource - HikariPool-1 - Start completed.
INFO JavaFX Application Thread com.zaxxer.hikari.HikariDataSource - HikariPool-1 - Starting...
INFO JavaFX Application Thread com.zaxxer.hikari.HikariDataSource - HikariPool-1 - Start completed.
INFO JavaFX Application Thread com.zaxxer.hikari.HikariDataSource - HikariPool-1 - Starting...
INFO JavaFX Application Thread com.zaxxer.hikari.HikariDataSource - HikariPool-1 - Start completed.
INFO JavaFX Application Thread com.zaxxer.hikari.HikariDataSource - HikariPool-1 - Starting...
INFO JavaFX Application Thread com.zaxxer.hikari.HikariDataSource - HikariPool-1 - Start completed.
INFO JavaFX Application Thread com.zaxxer.hikari.HikariDataSource - HikariPool-1 - Starting...
INFO JavaFX Application Thread com.zaxxer.hikari.HikariDataSource - HikariPool-1 - Start completed.
INFO JavaFX Application Thread com.zaxxer.hikari.HikariDataSource - HikariPool-1 - Starting...
INFO JavaFX Application Thread com.zaxxer.hikari.HikariDataSource - HikariPool-1 - Start completed.
